info: socket.io started
info: socket.io started
warn: error raised: Error: listen EADDRINUSE
info: socket.io started
warn: error raised: Error: listen EADDRINUSE
info: socket.io started
debug: served static content /socket.io.js
debug: client authorized
info: handshake authorized KGj5lV9FWNYJqs_svVPZ
debug: setting request GET /socket.io/1/websocket/KGj5lV9FWNYJqs_svVPZ
debug: set heartbeat interval for client KGj5lV9FWNYJqs_svVPZ
debug: client authorized for 
debug: websocket writing 1::
info: socket.io started
debug: served static content /socket.io.js
debug: client authorized
info: handshake authorized rDdEkTPV-6VNUSkgvdEK
debug: setting request GET /socket.io/1/websocket/rDdEkTPV-6VNUSkgvdEK
debug: set heartbeat interval for client rDdEkTPV-6VNUSkgvdEK
debug: client authorized for 
debug: websocket writing 1::
debug: emitting heartbeat for client rDdEkTPV-6VNUSkgvdEK
debug: websocket writing 2::
debug: set heartbeat timeout for client rDdEkTPV-6VNUSkgvdEK
debug: got heartbeat packet
debug: cleared heartbeat timeout for client rDdEkTPV-6VNUSkgvdEK
debug: set heartbeat interval for client rDdEkTPV-6VNUSkgvdEK
info: socket.io started
debug: served static content /socket.io.js
debug: client authorized
info: handshake authorized g5ihMfnAEhzCsxBMv999
debug: setting request GET /socket.io/1/websocket/g5ihMfnAEhzCsxBMv999
debug: set heartbeat interval for client g5ihMfnAEhzCsxBMv999
debug: client authorized for 
debug: websocket writing 1::
debug: emitting heartbeat for client g5ihMfnAEhzCsxBMv999
debug: websocket writing 2::
debug: set heartbeat timeout for client g5ihMfnAEhzCsxBMv999
debug: got heartbeat packet
debug: cleared heartbeat timeout for client g5ihMfnAEhzCsxBMv999
debug: set heartbeat interval for client g5ihMfnAEhzCsxBMv999
info: transport end (undefined)
debug: set close timeout for client g5ihMfnAEhzCsxBMv999
debug: cleared close timeout for client g5ihMfnAEhzCsxBMv999
debug: cleared heartbeat interval for client g5ihMfnAEhzCsxBMv999
debug: discarding transport
debug: served static content /socket.io.js
debug: client authorized
info: handshake authorized CohvZ6zxTBYN28hXv99-
debug: setting request GET /socket.io/1/websocket/CohvZ6zxTBYN28hXv99-
debug: set heartbeat interval for client CohvZ6zxTBYN28hXv99-
debug: client authorized for 
debug: websocket writing 1::
info: socket.io started
warn: error raised: Error: listen EADDRINUSE
info: transport end (undefined)
debug: set close timeout for client CohvZ6zxTBYN28hXv99-
debug: cleared close timeout for client CohvZ6zxTBYN28hXv99-
debug: cleared heartbeat interval for client CohvZ6zxTBYN28hXv99-
debug: discarding transport
debug: served static content /socket.io.js
debug: client authorized
info: handshake authorized htktcTBAy5LB0mdLv99_
debug: setting request GET /socket.io/1/websocket/htktcTBAy5LB0mdLv99_
debug: set heartbeat interval for client htktcTBAy5LB0mdLv99_
debug: client authorized for 
debug: websocket writing 1::
info: transport end (undefined)
debug: set close timeout for client htktcTBAy5LB0mdLv99_
debug: cleared close timeout for client htktcTBAy5LB0mdLv99_
debug: cleared heartbeat interval for client htktcTBAy5LB0mdLv99_
debug: discarding transport
debug: served static content /socket.io.js
debug: client authorized
info: handshake authorized Irhfes0OihrfaajKv9-A
debug: setting request GET /socket.io/1/websocket/Irhfes0OihrfaajKv9-A
debug: set heartbeat interval for client Irhfes0OihrfaajKv9-A
debug: client authorized for 
debug: websocket writing 1::
debug: emitting heartbeat for client Irhfes0OihrfaajKv9-A
debug: websocket writing 2::
debug: set heartbeat timeout for client Irhfes0OihrfaajKv9-A
debug: got heartbeat packet
debug: cleared heartbeat timeout for client Irhfes0OihrfaajKv9-A
debug: set heartbeat interval for client Irhfes0OihrfaajKv9-A
